Arguments: 
  C:\Program Files\nodejs\node.exe C:\Users\dusti\AppData\Local\node\corepack\yarn\1.22.19\bin\yarn.js add alchemy-sdk

PATH: 
  C:\Users\dusti\bin;C:\Program Files (x86)\Git\mingw32\bin;C:\Program Files (x86)\Git\usr\local\bin;C:\Program Files (x86)\Git\usr\bin;C:\Program Files (x86)\Git\usr\bin;C:\Program Files (x86)\Git\mingw32\bin;C:\Program Files (x86)\Git\usr\bin;C:\Users\dusti\bin;C:\Python310\Scripts;C:\Python310;C:\windows\system32;C:\windows;C:\windows\System32\Wbem;C:\windows\System32\WindowsPowerShell\v1.0;C:\windows\System32\OpenSSH;C:\Program Files (x86)\NVIDIA Corporation\PhysX\Common;C:\Program Files\NVIDIA Corporation\NVIDIA NvDLISR;C:\WINDOWS\system32;C:\WINDOWS;C:\WINDOWS\System32\Wbem;C:\WINDOWS\System32\WindowsPowerShell\v1.0;C:\WINDOWS\System32\OpenSSH;C:\ProgramData\chocolatey\bin;C:\Program Files (x86)\Git\cmd;%NVM_HOME%;%NVM_SYMLINK%;C:\Users\dusti\AppData\Local\Microsoft\WindowsApps;C:\Users\dusti\AppData\Roaming\npm;C:\Users\dusti\AppData\Local\Programs\Microsoft VS Code\bin;C:\Users\dusti\AppData\Roaming\nvm;C:\Program Files\nodejs;C:\Program Files (x86)\Git\usr\bin\vendor_perl;C:\Program Files (x86)\Git\usr\bin\core_perl

Yarn version: 
  1.22.19

Node version: 
  16.10.0

Platform: 
  win32 x64

Trace: 
  Error: EPERM: operation not permitted, unlink 'C:\Users\dusti\marketplace-with-signature-based-minting-1\node_modules\utf-8-validate\prebuilds\win32-x64\node.napi.node'

npm manifest: 
  {
    "name": "next-javascript-starter",
    "version": "0.1.0",
    "private": true,
    "scripts": {
      "dev": "next dev",
      "build": "next build",
      "start": "next start",
      "lint": "next lint"
    },
    "dependencies": {
      "@chakra-ui/react": "^2.4.3",
      "@crossmint/client-sdk-react-ui": "^0.2.0",
      "@emotion/react": "^11.10.5",
      "@emotion/styled": "^11.10.5",
      "@madzadev/image-slider": "^1.0.9",
      "@mui/material": "^5.10.17",
      "@nextui-org/react": "^1.0.0-beta.10",
      "@thirdweb-dev/react": "^3",
      "@thirdweb-dev/sdk": "^3",
      "@thirdweb-dev/storage": "^1.0.6",
      "ethers": "^5.6.8",
      "framer-motion": "^7.6.19",
      "next": "^12.1.6",
      "next-images": "^1.8.4",
      "next-transpile-modules": "^10.0.0",
      "react": "^18.1.0",
      "react-awesome-slider": "^4.1.0",
      "react-dom": "^18.1.0",
      "react-responsive-carousel": "^3.2.23",
      "swiper": "^8.4.5"
    },
    "devDependencies": {
      "@types/react": "18.0.25",
      "eslint": "8.11.0",
      "eslint-config-next": "12.1.0",
      "typescript": "4.9.3"
    }
  }

yarn manifest: 
  No manifest

Lockfile: 
  No lockfile
